[dsipaint.com/games/minco_says/index.html]
[backblue.gif]
[fade.gif]
[index.html]
[dsipaint.com/games/minco_says/style.css]
[dsipaint.com/games/minco_says/scripts/minco_says.js]
[dsipaint.com/images/backgrounds/background0.png]
[dsipaint.com/games/minco_says/images/great.png]
[dsipaint.com/games/minco_says/images/wrong.png]
[dsipaint.com/games/minco_says/index.html]
[dsipaint.com/games/minco_says/images/minco.png]
[dsipaint.com/games/minco_says/images/yellow_dark.png]
[dsipaint.com/games/minco_says/images/yellow_light.png]
[dsipaint.com/games/minco_says/images/blue_dark.png]
[dsipaint.com/games/minco_says/images/blue_light.png]
[dsipaint.com/games/minco_says/images/red_dark.png]
[dsipaint.com/games/minco_says/images/red_light.png]
[dsipaint.com/games/minco_says/images/green_dark.png]
[dsipaint.com/games/minco_says/images/green_light.png]
[dsipaint.com/games/minco_says/style.css]
