[dsipaint.com/games/yortzee/index.html]
[backblue.gif]
[fade.gif]
[index.html]
[dsipaint.com/games/yortzee/style.css]
[dsipaint.com/games/yortzee/scripts/yortzee.js]
[dsipaint.com/images/backgrounds/background0.png]
[dsipaint.com/games/yortzee/index.html]
[dsipaint.com/games/yortzee/highscores.html]
[dsipaint.com/games/yortzee/images/yorick.png]
[dsipaint.com/games/yortzee/images/1.png]
[dsipaint.com/games/yortzee/images/2.png]
[dsipaint.com/games/yortzee/images/3.png]
[dsipaint.com/games/yortzee/images/4.png]
[dsipaint.com/games/yortzee/images/5.png]
[dsipaint.com/games/yortzee/images/6.png]
[dsipaint.com/games/yortzee/style.css]
[dsipaint.com/games/yortzee/highscores.html]
[dsipaint.com/games/yortzee/index-2.html]
[dsipaint.com/games/yortzee/index-2.html]
